        -:    0:Source:dominion.c
        -:    0:Graph:dominion.gcno
        -:    0:Data:dominion.gcda
        -:    0:Runs:1
        -:    0:Programs:1
        -:    1:#include "dominion.h"
        -:    2:#include "dominion_helpers.h"
        -:    3:#include "rngs.h"
        -:    4:#include <stdio.h>
        -:    5:#include <math.h>
        -:    6:#include <stdlib.h>
        -:    7:
function compare called 7776357 returned 100% blocks executed 100%
  7776357:    8:int compare(const void* a, const void* b) {
  7776357:    9:  if (*(int*)a > *(int*)b)
branch  0 taken 20% (fallthrough)
branch  1 taken 80%
  1547060:   10:    return 1;
  6229297:   11:  if (*(int*)a < *(int*)b)
branch  0 taken 35% (fallthrough)
branch  1 taken 65%
  2176136:   12:    return -1;
  4053161:   13:  return 0;
        -:   14:}
        -:   15:
function newGame called 0 returned 0% blocks executed 0%
    #####:   16:struct gameState* newGame() {
    #####:   17:  struct gameState* g = malloc(sizeof(struct gameState));
    #####:   18:  return g;
        -:   19:}
        -:   20:
function kingdomCards called 0 returned 0% blocks executed 0%
    #####:   21:int* kingdomCards(int k1, int k2, int k3, int k4, int k5, int k6, int k7,
        -:   22:		  int k8, int k9, int k10) {
    #####:   23:  int* k = malloc(10 * sizeof(int));
    #####:   24:  k[0] = k1;
    #####:   25:  k[1] = k2;
    #####:   26:  k[2] = k3;
    #####:   27:  k[3] = k4;
    #####:   28:  k[4] = k5;
    #####:   29:  k[5] = k6;
    #####:   30:  k[6] = k7;
    #####:   31:  k[7] = k8;
    #####:   32:  k[8] = k9;
    #####:   33:  k[9] = k10;
    #####:   34:  return k;
        -:   35:}
        -:   36:
function initializeGame called 100000 returned 100% blocks executed 95%
   100000:   37:int initializeGame(int numPlayers, int kingdomCards[10], int randomSeed,
        -:   38:		   struct gameState *state) {
        -:   39:
        -:   40:  int i;
        -:   41:  int j;
        -:   42:  int it;			
        -:   43:  //set up random number generator
   100000:   44:  SelectStream(1);
call    0 returned 100%
   100000:   45:  PutSeed((long)randomSeed);
call    0 returned 100%
        -:   46:  
        -:   47:  //check number of players
   100000:   48:  if (numPlayers > MAX_PLAYERS || numPlayers < 2)
branch  0 taken 100% (fallthrough)
branch  1 taken 0%
branch  2 taken 0% (fallthrough)
branch  3 taken 100%
        -:   49:    {
    #####:   50:      return -1;
        -:   51:    }
        -:   52:
        -:   53:  //set number of players
   100000:   54:  state->numPlayers = numPlayers;
        -:   55:
        -:   56:  //check selected kingdom cards are different
  1100000:   57:  for (i = 0; i < 10; i++)
branch  0 taken 91%
branch  1 taken 9% (fallthrough)
        -:   58:    {
 11000000:   59:      for (j = 0; j < 10; j++)
branch  0 taken 91%
branch  1 taken 9% (fallthrough)
        -:   60:        {
 10000000:   61:	  if (j != i && kingdomCards[j] == kingdomCards[i])
branch  0 taken 90% (fallthrough)
branch  1 taken 10%
branch  2 taken 0% (fallthrough)
branch  3 taken 100%
        -:   62:	    {
    #####:   63:	      return -1;
        -:   64:	    }
        -:   65:        }
        -:   66:    }
        -:   67:
        -:   68:
        -:   69:  //initialize supply
        -:   70:  ///////////////////////////////
        -:   71:
        -:   72:  //set number of Curse cards
   100000:   73:  if (numPlayers == 2)
branch  0 taken 35% (fallthrough)
branch  1 taken 65%
        -:   74:    {
    34560:   75:      state->supplyCount[curse] = 10;
        -:   76:    }
    65440:   77:  else if (numPlayers == 3)
branch  0 taken 18% (fallthrough)
branch  1 taken 82%
        -:   78:    {
    11491:   79:      state->supplyCount[curse] = 20;
        -:   80:    }
        -:   81:  else
        -:   82:    {
    53949:   83:      state->supplyCount[curse] = 30;
        -:   84:    }
        -:   85:
        -:   86:  //set number of Victory cards
   100000:   87:  if (numPlayers == 2)
branch  0 taken 35% (fallthrough)
branch  1 taken 65%
        -:   88:    {
    34560:   89:      state->supplyCount[estate] = 8;
    34560:   90:      state->supplyCount[duchy] = 8;
    34560:   91:      state->supplyCount[province] = 8;
        -:   92:    }
        -:   93:  else
        -:   94:    {
    65440:   95:      state->supplyCount[estate] = 12;
    65440:   96:      state->supplyCount[duchy] = 12;
    65440:   97:      state->supplyCount[province] = 12;
        -:   98:    }
        -:   99:
        -:  100:  //set number of Treasure cards
   100000:  101:  state->supplyCount[copper] = 60 - (7 * numPlayers);
   100000:  102:  state->supplyCount[silver] = 40;
   100000:  103:  state->supplyCount[gold] = 30;
        -:  104:
        -:  105:  //set number of Kingdom cards
  2100000:  106:  for (i = adventurer; i <= treasure_map; i++)       	//loop all cards
branch  0 taken 95%
branch  1 taken 5% (fallthrough)
        -:  107:    {
 16500000:  108:      for (j = 0; j < 10; j++)           		//loop chosen cards
branch  0 taken 94%
branch  1 taken 6% (fallthrough)
        -:  109:	{
 15500000:  110:	  if (kingdomCards[j] == i)
branch  0 taken 6% (fallthrough)
branch  1 taken 94%
        -:  111:	    {
        -:  112:	      //check if card is a 'Victory' Kingdom card
  1000000:  113:	      if (kingdomCards[j] == great_hall || kingdomCards[j] == gardens)
branch  0 taken 95% (fallthrough)
branch  1 taken 5%
branch  2 taken 6% (fallthrough)
branch  3 taken 94%
        -:  114:		{
   213330:  115:		  if (numPlayers == 2){ 
branch  0 taken 54% (fallthrough)
branch  1 taken 46%
    57966:  116:		    state->supplyCount[i] = 8; 
        -:  117:		  }
    48699:  118:		  else{ state->supplyCount[i] = 12; }
        -:  119:		}
        -:  120:	      else
        -:  121:		{
   893335:  122:		  state->supplyCount[i] = 10;
        -:  123:		}
  1000000:  124:	      break;
        -:  125:	    }
        -:  126:	  else    //card is not in the set choosen for the game
        -:  127:	    {
 14500000:  128:	      state->supplyCount[i] = -1;
        -:  129:	    }
        -:  130:	}
        -:  131:
        -:  132:    }
        -:  133:
        -:  134:  ////////////////////////
        -:  135:  //supply intilization complete
        -:  136:
        -:  137:  //set player decks
   419389:  138:  for (i = 0; i < numPlayers; i++)
branch  0 taken 76%
branch  1 taken 24% (fallthrough)
        -:  139:    {
   319389:  140:      state->deckCount[i] = 0;
  1277556:  141:      for (j = 0; j < 3; j++)
branch  0 taken 75%
branch  1 taken 25% (fallthrough)
        -:  142:	{
   958167:  143:	  state->deck[i][j] = estate;
   958167:  144:	  state->deckCount[i]++;
        -:  145:	}
  2555112:  146:      for (j = 3; j < 10; j++)
branch  0 taken 88%
branch  1 taken 13% (fallthrough)
        -:  147:	{
  2235723:  148:	  state->deck[i][j] = copper;
  2235723:  149:	  state->deckCount[i]++;		
        -:  150:	}
        -:  151:    }
        -:  152:
        -:  153:  //shuffle player decks
   419389:  154:  for (i = 0; i < numPlayers; i++)
branch  0 taken 76%
branch  1 taken 24% (fallthrough)
        -:  155:    {
   319389:  156:      if ( shuffle(i, state) < 0 )
call    0 returned 100%
branch  1 taken 0% (fallthrough)
branch  2 taken 100%
        -:  157:	{
    #####:  158:	  return -1;
        -:  159:	}
        -:  160:    }
        -:  161:
        -:  162:  //draw player hands
   419389:  163:  for (i = 0; i < numPlayers; i++)
branch  0 taken 76%
branch  1 taken 24% (fallthrough)
        -:  164:    {  
        -:  165:      //initialize hand size to zero
   319389:  166:      state->handCount[i] = 0;
   319389:  167:      state->discardCount[i] = 0;
        -:  168:      //draw 5 cards
        -:  169:      // for (j = 0; j < 5; j++)
        -:  170:      //	{
        -:  171:      //	  drawCard(i, state);
        -:  172:      //	}
        -:  173:    }
        -:  174:  
        -:  175:  //set embargo tokens to 0 for all supply piles
  2800000:  176:  for (i = 0; i <= treasure_map; i++)
branch  0 taken 96%
branch  1 taken 4% (fallthrough)
        -:  177:    {
  2700000:  178:      state->embargoTokens[i] = 0;
        -:  179:    }
        -:  180:
        -:  181:  //initialize first player's turn
   100000:  182:  state->outpostPlayed = 0;
   100000:  183:  state->phase = 0;
   100000:  184:  state->numActions = 1;
   100000:  185:  state->numBuys = 1;
   100000:  186:  state->playedCardCount = 0;
   100000:  187:  state->whoseTurn = 0;
   100000:  188:  state->handCount[state->whoseTurn] = 0;
        -:  189:  //int it; move to top
        -:  190:
        -:  191:  //Moved draw cards to here, only drawing at the start of a turn
   600000:  192:  for (it = 0; it < 5; it++){
branch  0 taken 83%
branch  1 taken 17% (fallthrough)
   500000:  193:    drawCard(state->whoseTurn, state);
call    0 returned 100%
        -:  194:  }
        -:  195:
   100000:  196:  updateCoins(state->whoseTurn, state, 0);
call    0 returned 100%
        -:  197:
   100000:  198:  return 0;
        -:  199:}
        -:  200:
function shuffle called 404365 returned 100% blocks executed 100%
   404365:  201:int shuffle(int player, struct gameState *state) {
        -:  202: 
        -:  203:
        -:  204:  int newDeck[MAX_DECK];
   404365:  205:  int newDeckPos = 0;
        -:  206:  int card;
        -:  207:  int i;
        -:  208:
   404365:  209:  if (state->deckCount[player] < 1)
branch  0 taken 11% (fallthrough)
branch  1 taken 89%
    42488:  210:    return -1;
   361877:  211:  qsort ((void*)(state->deck[player]), state->deckCount[player], sizeof(int), compare); 
call    0 returned 100%
        -:  212:  /* SORT CARDS IN DECK TO ENSURE DETERMINISM! */
        -:  213:
  4793276:  214:  while (state->deckCount[player] > 0) {
branch  0 taken 92%
branch  1 taken 8% (fallthrough)
  4069522:  215:    card = floor(Random() * state->deckCount[player]);
call    0 returned 100%
  4069522:  216:    newDeck[newDeckPos] = state->deck[player][card];
  4069522:  217:    newDeckPos++;
 17534110:  218:    for (i = card; i < state->deckCount[player]-1; i++) {
branch  0 taken 77%
branch  1 taken 23% (fallthrough)
 13464588:  219:      state->deck[player][i] = state->deck[player][i+1];
        -:  220:    }
  4069522:  221:    state->deckCount[player]--;
        -:  222:  }
  4431399:  223:  for (i = 0; i < newDeckPos; i++) {
branch  0 taken 92%
branch  1 taken 8% (fallthrough)
  4069522:  224:    state->deck[player][i] = newDeck[i];
  4069522:  225:    state->deckCount[player]++;
        -:  226:  }
        -:  227:
   361877:  228:  return 0;
        -:  229:}
        -:  230:
function playCard called 100000 returned 100% blocks executed 73%
   100000:  231:int playCard(int handPos, int choice1, int choice2, int choice3, struct gameState *state) 
        -:  232:{	
        -:  233:  int card;
   100000:  234:  int coin_bonus = 0; 		//tracks coins gain from actions
        -:  235:
        -:  236:  //check if it is the right phase
   100000:  237:  if (state->phase != 0)
branch  0 taken 0% (fallthrough)
branch  1 taken 100%
        -:  238:    {
    #####:  239:      return -1;
        -:  240:    }
        -:  241:	
        -:  242:  //check if player has enough actions
   100000:  243:  if ( state->numActions < 1 )
branch  0 taken 0% (fallthrough)
branch  1 taken 100%
        -:  244:    {
    #####:  245:      return -1;
        -:  246:    }
        -:  247:	
        -:  248:  //get card played
   100000:  249:  card = handCard(handPos, state);
call    0 returned 100%
        -:  250:	
        -:  251:  //check if selected card is an action
   100000:  252:  if ( card < adventurer || card > treasure_map )
branch  0 taken 100% (fallthrough)
branch  1 taken 0%
branch  2 taken 0% (fallthrough)
branch  3 taken 100%
        -:  253:    {
    #####:  254:      return -1;
        -:  255:    }
        -:  256:	
        -:  257:  //play card
   100000:  258:  if ( cardEffect(card, choice1, choice2, choice3, state, handPos, &coin_bonus) < 0 )
call    0 returned 100%
branch  1 taken 0% (fallthrough)
branch  2 taken 100%
        -:  259:    {
    #####:  260:      return -1;
        -:  261:    }
        -:  262:	
        -:  263:  //reduce number of actions
   100000:  264:  state->numActions--;
        -:  265:
        -:  266:  //update coins (Treasure cards may be added with card draws)
   100000:  267:  updateCoins(state->whoseTurn, state, coin_bonus);
call    0 returned 100%
        -:  268:	
   100000:  269:  return 0;
        -:  270:}
        -:  271:
function buyCard called 0 returned 0% blocks executed 0%
    #####:  272:int buyCard(int supplyPos, struct gameState *state) {
        -:  273:  int who;
        -:  274:  if (DEBUG){
        -:  275:    printf("Entering buyCard...\n");
        -:  276:  }
        -:  277:
        -:  278:  // I don't know what to do about the phase thing.
        -:  279:
    #####:  280:  who = state->whoseTurn;
        -:  281:
    #####:  282:  if (state->numBuys < 1){
branch  0 never executed
branch  1 never executed
        -:  283:    if (DEBUG)
        -:  284:      printf("You do not have any buys left\n");
    #####:  285:    return -1;
    #####:  286:  } else if (supplyCount(supplyPos, state) <1){
call    0 never executed
branch  1 never executed
branch  2 never executed
        -:  287:    if (DEBUG)
        -:  288:      printf("There are not any of that type of card left\n");
    #####:  289:    return -1;
    #####:  290:  } else if (state->coins < getCost(supplyPos)){
call    0 never executed
branch  1 never executed
branch  2 never executed
        -:  291:    if (DEBUG) 
        -:  292:      printf("You do not have enough money to buy that. You have %d coins.\n", state->coins);
    #####:  293:    return -1;
        -:  294:  } else {
    #####:  295:    state->phase=1;
        -:  296:    //state->supplyCount[supplyPos]--;
    #####:  297:    gainCard(supplyPos, state, 0, who); //card goes in discard, this might be wrong.. (2 means goes into hand, 0 goes into discard)
call    0 never executed
        -:  298:  
    #####:  299:    state->coins = (state->coins) - (getCost(supplyPos));
call    0 never executed
    #####:  300:    state->numBuys--;
        -:  301:    if (DEBUG)
        -:  302:      printf("You bought card number %d for %d coins. You now have %d buys and %d coins.\n", supplyPos, getCost(supplyPos), state->numBuys, state->coins);
        -:  303:  }
        -:  304:
        -:  305:  //state->discard[who][state->discardCount[who]] = supplyPos;
        -:  306:  //state->discardCount[who]++;
        -:  307:    
    #####:  308:  return 0;
        -:  309:}
        -:  310:
function numHandCards called 0 returned 0% blocks executed 0%
    #####:  311:int numHandCards(struct gameState *state) {
    #####:  312:  return state->handCount[ whoseTurn(state) ];
call    0 never executed
        -:  313:}
        -:  314:
function handCard called 100000 returned 100% blocks executed 100%
   100000:  315:int handCard(int handPos, struct gameState *state) {
   100000:  316:  int currentPlayer = whoseTurn(state);
call    0 returned 100%
   100000:  317:  return state->hand[currentPlayer][handPos];
        -:  318:}
        -:  319:
function supplyCount called 0 returned 0% blocks executed 0%
    #####:  320:int supplyCount(int card, struct gameState *state) {
    #####:  321:  return state->supplyCount[card];
        -:  322:}
        -:  323:
function fullDeckCount called 0 returned 0% blocks executed 0%
    #####:  324:int fullDeckCount(int player, int card, struct gameState *state) {
        -:  325:  int i;
    #####:  326:  int count = 0;
        -:  327:
    #####:  328:  for (i = 0; i < state->deckCount[player]; i++)
branch  0 never executed
branch  1 never executed
        -:  329:    {
    #####:  330:      if (state->deck[player][i] == card) count++;
branch  0 never executed
branch  1 never executed
        -:  331:    }
        -:  332:
    #####:  333:  for (i = 0; i < state->handCount[player]; i++)
branch  0 never executed
branch  1 never executed
        -:  334:    {
    #####:  335:      if (state->hand[player][i] == card) count++;
branch  0 never executed
branch  1 never executed
        -:  336:    }
        -:  337:
    #####:  338:  for (i = 0; i < state->discardCount[player]; i++)
branch  0 never executed
branch  1 never executed
        -:  339:    {
    #####:  340:      if (state->discard[player][i] == card) count++;
branch  0 never executed
branch  1 never executed
        -:  341:    }
        -:  342:
    #####:  343:  return count;
        -:  344:}
        -:  345:
function whoseTurn called 200000 returned 100% blocks executed 100%
   200000:  346:int whoseTurn(struct gameState *state) {
   200000:  347:  return state->whoseTurn;
        -:  348:}
        -:  349:
function endTurn called 0 returned 0% blocks executed 0%
    #####:  350:int endTurn(struct gameState *state) {
        -:  351:  int k;
        -:  352:  int i;
    #####:  353:  int currentPlayer = whoseTurn(state);
call    0 never executed
        -:  354:  
        -:  355:  //Discard hand
    #####:  356:  for (i = 0; i < state->handCount[currentPlayer]; i++){
branch  0 never executed
branch  1 never executed
    #####:  357:    state->discard[currentPlayer][state->discardCount[currentPlayer]++] = state->hand[currentPlayer][i];//Discard
    #####:  358:    state->hand[currentPlayer][i] = -1;//Set card to -1
        -:  359:  }
    #####:  360:  state->handCount[currentPlayer] = 0;//Reset hand count
        -:  361:    
        -:  362:  //Code for determining the player
    #####:  363:  if (currentPlayer < (state->numPlayers - 1)){ 
branch  0 never executed
branch  1 never executed
    #####:  364:    state->whoseTurn = currentPlayer + 1;//Still safe to increment
        -:  365:  }
        -:  366:  else{
    #####:  367:    state->whoseTurn = 0;//Max player has been reached, loop back around to player 1
        -:  368:  }
        -:  369:
    #####:  370:  state->outpostPlayed = 0;
    #####:  371:  state->phase = 0;
    #####:  372:  state->numActions = 1;
    #####:  373:  state->coins = 0;
    #####:  374:  state->numBuys = 1;
    #####:  375:  state->playedCardCount = 0;
    #####:  376:  state->handCount[state->whoseTurn] = 0;
        -:  377:
        -:  378:  //int k; move to top
        -:  379:  //Next player draws hand
    #####:  380:  for (k = 0; k < 5; k++){
branch  0 never executed
branch  1 never executed
    #####:  381:    drawCard(state->whoseTurn, state);//Draw a card
call    0 never executed
        -:  382:  }
        -:  383:
        -:  384:  //Update money
    #####:  385:  updateCoins(state->whoseTurn, state , 0);
call    0 never executed
        -:  386:
    #####:  387:  return 0;
        -:  388:}
        -:  389:
function isGameOver called 0 returned 0% blocks executed 0%
    #####:  390:int isGameOver(struct gameState *state) {
        -:  391:  int i;
        -:  392:  int j;
        -:  393:	
        -:  394:  //if stack of Province cards is empty, the game ends
    #####:  395:  if (state->supplyCount[province] == 0)
branch  0 never executed
branch  1 never executed
        -:  396:    {
    #####:  397:      return 1;
        -:  398:    }
        -:  399:
        -:  400:  //if three supply pile are at 0, the game ends
    #####:  401:  j = 0;
    #####:  402:  for (i = 0; i < 25; i++)
branch  0 never executed
branch  1 never executed
        -:  403:    {
    #####:  404:      if (state->supplyCount[i] == 0)
branch  0 never executed
branch  1 never executed
        -:  405:	{
    #####:  406:	  j++;
        -:  407:	}
        -:  408:    }
    #####:  409:  if ( j >= 3)
branch  0 never executed
branch  1 never executed
        -:  410:    {
    #####:  411:      return 1;
        -:  412:    }
        -:  413:
    #####:  414:  return 0;
        -:  415:}
        -:  416:
function scoreFor called 0 returned 0% blocks executed 0%
    #####:  417:int scoreFor (int player, struct gameState *state) {
        -:  418:
        -:  419:  int i;
    #####:  420:  int score = 0;
        -:  421:  //score from hand
    #####:  422:  for (i = 0; i < state->handCount[player]; i++)
branch  0 never executed
branch  1 never executed
        -:  423:    {
    #####:  424:      if (state->hand[player][i] == curse) { score = score - 1; };
branch  0 never executed
branch  1 never executed
    #####:  425:      if (state->hand[player][i] == estate) { score = score + 1; };
branch  0 never executed
branch  1 never executed
    #####:  426:      if (state->hand[player][i] == duchy) { score = score + 3; };
branch  0 never executed
branch  1 never executed
    #####:  427:      if (state->hand[player][i] == province) { score = score + 6; };
branch  0 never executed
branch  1 never executed
    #####:  428:      if (state->hand[player][i] == great_hall) { score = score + 1; };
branch  0 never executed
branch  1 never executed
    #####:  429:      if (state->hand[player][i] == gardens) { score = score + ( fullDeckCount(player, 0, state) / 10 ); };
branch  0 never executed
branch  1 never executed
call    2 never executed
        -:  430:    }
        -:  431:
        -:  432:  //score from discard
    #####:  433:  for (i = 0; i < state->discardCount[player]; i++)
branch  0 never executed
branch  1 never executed
        -:  434:    {
    #####:  435:      if (state->discard[player][i] == curse) { score = score - 1; };
branch  0 never executed
branch  1 never executed
    #####:  436:      if (state->discard[player][i] == estate) { score = score + 1; };
branch  0 never executed
branch  1 never executed
    #####:  437:      if (state->discard[player][i] == duchy) { score = score + 3; };
branch  0 never executed
branch  1 never executed
    #####:  438:      if (state->discard[player][i] == province) { score = score + 6; };
branch  0 never executed
branch  1 never executed
    #####:  439:      if (state->discard[player][i] == great_hall) { score = score + 1; };
branch  0 never executed
branch  1 never executed
    #####:  440:      if (state->discard[player][i] == gardens) { score = score + ( fullDeckCount(player, 0, state) / 10 ); };
branch  0 never executed
branch  1 never executed
call    2 never executed
        -:  441:    }
        -:  442:
        -:  443:  //score from deck
    #####:  444:  for (i = 0; i < state->discardCount[player]; i++)
branch  0 never executed
branch  1 never executed
        -:  445:    {
    #####:  446:      if (state->deck[player][i] == curse) { score = score - 1; };
branch  0 never executed
branch  1 never executed
    #####:  447:      if (state->deck[player][i] == estate) { score = score + 1; };
branch  0 never executed
branch  1 never executed
    #####:  448:      if (state->deck[player][i] == duchy) { score = score + 3; };
branch  0 never executed
branch  1 never executed
    #####:  449:      if (state->deck[player][i] == province) { score = score + 6; };
branch  0 never executed
branch  1 never executed
    #####:  450:      if (state->deck[player][i] == great_hall) { score = score + 1; };
branch  0 never executed
branch  1 never executed
    #####:  451:      if (state->deck[player][i] == gardens) { score = score + ( fullDeckCount(player, 0, state) / 10 ); };
branch  0 never executed
branch  1 never executed
call    2 never executed
        -:  452:    }
        -:  453:
    #####:  454:  return score;
        -:  455:}
        -:  456:
function getWinners called 0 returned 0% blocks executed 0%
    #####:  457:int getWinners(int players[MAX_PLAYERS], struct gameState *state) {
        -:  458:  int i;	
        -:  459:  int j;
        -:  460:  int highScore;
        -:  461:  int currentPlayer;
        -:  462:
        -:  463:  //get score for each player
    #####:  464:  for (i = 0; i < MAX_PLAYERS; i++)
branch  0 never executed
branch  1 never executed
        -:  465:    {
        -:  466:      //set unused player scores to -9999
    #####:  467:      if (i >= state->numPlayers)
branch  0 never executed
branch  1 never executed
        -:  468:	{
    #####:  469:	  players[i] = -9999;
        -:  470:	}
        -:  471:      else
        -:  472:	{
    #####:  473:	  players[i] = scoreFor (i, state);
call    0 never executed
        -:  474:	}
        -:  475:    }
        -:  476:
        -:  477:  //find highest score
    #####:  478:  j = 0;
    #####:  479:  for (i = 0; i < MAX_PLAYERS; i++)
branch  0 never executed
branch  1 never executed
        -:  480:    {
    #####:  481:      if (players[i] > players[j])
branch  0 never executed
branch  1 never executed
        -:  482:	{
    #####:  483:	  j = i;
        -:  484:	}
        -:  485:    }
    #####:  486:  highScore = players[j];
        -:  487:
        -:  488:  //add 1 to players who had less turns
    #####:  489:  currentPlayer = whoseTurn(state);
call    0 never executed
    #####:  490:  for (i = 0; i < MAX_PLAYERS; i++)
branch  0 never executed
branch  1 never executed
        -:  491:    {
    #####:  492:      if ( players[i] == highScore && i > currentPlayer )
branch  0 never executed
branch  1 never executed
branch  2 never executed
branch  3 never executed
        -:  493:	{
    #####:  494:	  players[i]++;
        -:  495:	}
        -:  496:    }
        -:  497:
        -:  498:  //find new highest score
    #####:  499:  j = 0;
    #####:  500:  for (i = 0; i < MAX_PLAYERS; i++)
branch  0 never executed
branch  1 never executed
        -:  501:    {
    #####:  502:      if ( players[i] > players[j] )
branch  0 never executed
branch  1 never executed
        -:  503:	{
    #####:  504:	  j = i;
        -:  505:	}
        -:  506:    }
    #####:  507:  highScore = players[j];
        -:  508:
        -:  509:  //set winners in array to 1 and rest to 0
    #####:  510:  for (i = 0; i < MAX_PLAYERS; i++)
branch  0 never executed
branch  1 never executed
        -:  511:    {
    #####:  512:      if ( players[i] == highScore )
branch  0 never executed
branch  1 never executed
        -:  513:	{
    #####:  514:	  players[i] = 1;
        -:  515:	}
        -:  516:      else
        -:  517:	{
    #####:  518:	  players[i] = 0;
        -:  519:	}
        -:  520:    }
        -:  521:
    #####:  522:  return 0;
        -:  523:}
        -:  524:
function drawCard called 1328647 returned 100% blocks executed 92%
  1328647:  525:int drawCard(int player, struct gameState *state)
        -:  526:{	int count;
        -:  527:  int deckCounter;
  1328647:  528:  if (state->deckCount[player] <= 0){//Deck is empty
branch  0 taken 3% (fallthrough)
branch  1 taken 97%
        -:  529:    
        -:  530:    //Step 1 Shuffle the discard pile back into a deck
        -:  531:    int i;
        -:  532:    //Move discard to deck
   918120:  533:    for (i = 0; i < state->discardCount[player];i++){
branch  0 taken 95%
branch  1 taken 5% (fallthrough)
   875632:  534:      state->deck[player][i] = state->discard[player][i];
   875632:  535:      state->discard[player][i] = -1;
        -:  536:    }
        -:  537:
    42488:  538:    state->deckCount[player] = state->discardCount[player];
    42488:  539:    state->discardCount[player] = 0;//Reset discard
        -:  540:
        -:  541:    //Shufffle the deck
    42488:  542:    shuffle(player, state);//Shuffle the deck up and make it so that we can draw
call    0 returned 100%
        -:  543:   
        -:  544:    if (DEBUG){//Debug statements
        -:  545:      printf("Deck count now: %d\n", state->deckCount[player]);
        -:  546:    }
        -:  547:    
    42488:  548:    state->discardCount[player] = 0;
        -:  549:
        -:  550:    //Step 2 Draw Card
    42488:  551:    count = state->handCount[player];//Get current player's hand count
        -:  552:    
        -:  553:    if (DEBUG){//Debug statements
        -:  554:      printf("Current hand count: %d\n", count);
        -:  555:    }
        -:  556:    
    42488:  557:    deckCounter = state->deckCount[player];//Create a holder for the deck count
        -:  558:
    42488:  559:    if (deckCounter == 0)
branch  0 taken 0% (fallthrough)
branch  1 taken 100%
    #####:  560:      return -1;
        -:  561:
    42488:  562:    state->hand[player][count] = state->deck[player][deckCounter - 1];//Add card to hand
    42488:  563:    state->deckCount[player]--;
    42488:  564:    state->handCount[player]++;//Increment hand count
        -:  565:  }
        -:  566:
        -:  567:  else{
  1286159:  568:    int count = state->handCount[player];//Get current hand count for player
        -:  569:    int deckCounter;
        -:  570:    if (DEBUG){//Debug statements
        -:  571:      printf("Current hand count: %d\n", count);
        -:  572:    }
        -:  573:
  1286159:  574:    deckCounter = state->deckCount[player];//Create holder for the deck count
  1286159:  575:    state->hand[player][count] = state->deck[player][deckCounter - 1];//Add card to the hand
  1286159:  576:    state->deckCount[player]--;
  1286159:  577:    state->handCount[player]++;//Increment hand count
        -:  578:  }
        -:  579:
  1328647:  580:  return 0;
        -:  581:}
        -:  582:
function getCost called 0 returned 0% blocks executed 0%
    #####:  583:int getCost(int cardNumber)
        -:  584:{
    #####:  585:  switch( cardNumber ) 
branch  0 never executed
branch  1 never executed
branch  2 never executed
branch  3 never executed
branch  4 never executed
branch  5 never executed
branch  6 never executed
branch  7 never executed
branch  8 never executed
branch  9 never executed
branch 10 never executed
branch 11 never executed
branch 12 never executed
branch 13 never executed
branch 14 never executed
branch 15 never executed
branch 16 never executed
branch 17 never executed
branch 18 never executed
branch 19 never executed
branch 20 never executed
branch 21 never executed
branch 22 never executed
branch 23 never executed
branch 24 never executed
branch 25 never executed
branch 26 never executed
branch 27 never executed
        -:  586:    {
        -:  587:    case curse:
    #####:  588:      return 0;
        -:  589:    case estate:
    #####:  590:      return 2;
        -:  591:    case duchy:
    #####:  592:      return 5;
        -:  593:    case province:
    #####:  594:      return 8;
        -:  595:    case copper:
    #####:  596:      return 0;
        -:  597:    case silver:
    #####:  598:      return 3;
        -:  599:    case gold:
    #####:  600:      return 6;
        -:  601:    case adventurer:
    #####:  602:      return 6;
        -:  603:    case council_room:
    #####:  604:      return 5;
        -:  605:    case feast:
    #####:  606:      return 4;
        -:  607:    case gardens:
    #####:  608:      return 4;
        -:  609:    case mine:
    #####:  610:      return 5;
        -:  611:    case remodel:
    #####:  612:      return 4;
        -:  613:    case smithy:
    #####:  614:      return 4;
        -:  615:    case village:
    #####:  616:      return 3;
        -:  617:    case baron:
    #####:  618:      return 4;
        -:  619:    case great_hall:
    #####:  620:      return 3;
        -:  621:    case minion:
    #####:  622:      return 5;
        -:  623:    case steward:
    #####:  624:      return 3;
        -:  625:    case tribute:
    #####:  626:      return 5;
        -:  627:    case ambassador:
    #####:  628:      return 3;
        -:  629:    case cutpurse:
    #####:  630:      return 4;
        -:  631:    case embargo: 
    #####:  632:      return 2;
        -:  633:    case outpost:
    #####:  634:      return 5;
        -:  635:    case salvager:
    #####:  636:      return 4;
        -:  637:    case sea_hag:
    #####:  638:      return 4;
        -:  639:    case treasure_map:
    #####:  640:      return 4;
        -:  641:    }
        -:  642:	
    #####:  643:  return -1;
        -:  644:}
        -:  645:
function ce_adventurer called 100000 returned 100% blocks executed 100%
   100000:  646:int ce_adventurer(struct gameState *state, int *drawntreasure, int currentPlayer, int *z, int *temphand, int handPos){
        -:  647:    int cardDrawn;
  1028647:  648:    while(*drawntreasure<2){
branch  0 taken 89%
branch  1 taken 11% (fallthrough)
   828647:  649:        if (state->deckCount[currentPlayer] <1){//if the deck is empty we need to shuffle discard and add to deck
branch  0 taken 5% (fallthrough)
branch  1 taken 95%
    42488:  650:            shuffle(currentPlayer, state);
call    0 returned 100%
        -:  651:        }
   828647:  652:        drawCard(currentPlayer, state);
call    0 returned 100%
   828647:  653:        cardDrawn = state->hand[currentPlayer][state->handCount[currentPlayer]-1];//top card of hand is most recently drawn card.
   828647:  654:        if (cardDrawn == copper || cardDrawn == silver || cardDrawn == gold)
branch  0 taken 96% (fallthrough)
branch  1 taken 4%
branch  2 taken 93% (fallthrough)
branch  3 taken 7%
branch  4 taken 15% (fallthrough)
branch  5 taken 85%
   200000:  655:            (*drawntreasure)++;
        -:  656:        else{
   628647:  657:            temphand[*z]=cardDrawn;
   628647:  658:            state->handCount[currentPlayer]--; //this should just remove the top card (the most recently drawn one).
   628647:  659:            (*z)++;
        -:  660:        }
        -:  661:    }
   828647:  662:    while(*z-1>=0){
branch  0 taken 86%
branch  1 taken 14% (fallthrough)
   628647:  663:        state->discard[currentPlayer][state->discardCount[currentPlayer]++]=temphand[*z-1]; // discard all cards in play that have been drawn
        -:  664:        //Deleted *z = *z-1
   628647:  665:        *z = *z-1;
        -:  666:    }
        -:  667:    //put played card in played card pile
   100000:  668:    discardCard(handPos, currentPlayer, state, 0);
call    0 returned 100%
   100000:  669:    return 0;
        -:  670:}
        -:  671:
function ce_council_room called 0 returned 0% blocks executed 0%
    #####:  672:int ce_council_room(struct gameState *state, int currentPlayer, int handPos){
        -:  673:    int i;
        -:  674:    //+4 Cards
    #####:  675:    for (i = 0; i < 4; i++)
branch  0 never executed
branch  1 never executed
        -:  676:    {
    #####:  677:        drawCard(currentPlayer, state);
call    0 never executed
        -:  678:    }
        -:  679:
        -:  680:    //+1 Buy
    #####:  681:    state->numBuys++;
        -:  682:
        -:  683:    //Each other player draws a card
    #####:  684:    for (i = 0; i < state->numPlayers; i++)
branch  0 never executed
branch  1 never executed
        -:  685:    {
    #####:  686:        if ( i != currentPlayer )
branch  0 never executed
branch  1 never executed
        -:  687:        {
    #####:  688:            drawCard(i, state);
call    0 never executed
    #####:  689:            drawCard(i, state);
call    0 never executed
        -:  690:        }
        -:  691:    }
        -:  692:
        -:  693:    //put played card in played card pile
    #####:  694:    discardCard(handPos, currentPlayer, state, 0);
call    0 never executed
        -:  695:
    #####:  696:    return 0;
        -:  697:
        -:  698:}
        -:  699:
function ce_steward called 0 returned 0% blocks executed 0%
    #####:  700:int ce_steward(struct gameState *state, int currentPlayer, int choice1, int choice2, int choice3, int handPos){
    #####:  701:    if (choice1 == 1)
branch  0 never executed
branch  1 never executed
        -:  702:    {
        -:  703:        //+2 cards
    #####:  704:        drawCard(currentPlayer, state);
call    0 never executed
    #####:  705:        drawCard(currentPlayer, state);
call    0 never executed
        -:  706:    }
    #####:  707:    else if (choice1 == 2)
branch  0 never executed
branch  1 never executed
        -:  708:    {
        -:  709:        //+2 coins
    #####:  710:        state->coins = state->coins + 2;
        -:  711:    }
        -:  712:    else
        -:  713:    {
        -:  714:        //trash 2 cards in hand
    #####:  715:        discardCard(choice1, currentPlayer, state, 1);
call    0 never executed
    #####:  716:        discardCard(choice3, currentPlayer, state, 1);
call    0 never executed
        -:  717:    }
        -:  718:
        -:  719:    //discard card from hand
    #####:  720:    discardCard(handPos, currentPlayer+1, state, 0);
call    0 never executed
    #####:  721:    return 0;
        -:  722:}
        -:  723:
function ce_minion called 0 returned 0% blocks executed 0%
    #####:  724:int ce_minion(struct gameState *state, int currentPlayer, int choice1, int choice2, int handPos){
        -:  725:    int i;
        -:  726:    int j;
        -:  727:    //+1 action
    #####:  728:    state->numActions++;
        -:  729:
        -:  730:    //discard card from hand
    #####:  731:    discardCard(handPos, currentPlayer, state, 0);
call    0 never executed
        -:  732:
    #####:  733:    if (choice1)		//+2 coins
branch  0 never executed
branch  1 never executed
        -:  734:    {
    #####:  735:        state->coins = state->coins + 2;
        -:  736:    }
        -:  737:
    #####:  738:    else if (choice2)		//discard hand, redraw 4, other players with 5+ cards discard hand and draw 4
branch  0 never executed
branch  1 never executed
        -:  739:    {
        -:  740:        //discard hand
    #####:  741:        while(numHandCards(state) > 0)
call    0 never executed
branch  1 never executed
branch  2 never executed
        -:  742:        {
    #####:  743:            discardCard(handPos, currentPlayer, state, 0);
call    0 never executed
        -:  744:        }
        -:  745:
        -:  746:        //draw 4
    #####:  747:        for (i = 0; i < 4; i++)
branch  0 never executed
branch  1 never executed
        -:  748:        {
    #####:  749:            drawCard(currentPlayer, state);
call    0 never executed
        -:  750:        }
        -:  751:
        -:  752:        //other players discard hand and redraw if hand size > 4
    #####:  753:        for (i = 0; i < state->numPlayers; i++)
branch  0 never executed
branch  1 never executed
        -:  754:        {
    #####:  755:            if (i != currentPlayer)
branch  0 never executed
branch  1 never executed
        -:  756:            {
    #####:  757:                if ( state->handCount[i] > 4 )
branch  0 never executed
branch  1 never executed
        -:  758:                {
        -:  759:                    //discard hand
    #####:  760:                    while( state->handCount[i] > 0 )
branch  0 never executed
branch  1 never executed
        -:  761:                    {
    #####:  762:                        discardCard(handPos, i, state, 0);
call    0 never executed
        -:  763:                    }
        -:  764:
        -:  765:                    //draw 4
    #####:  766:                    for (j = 0; j < 4; j++)
branch  0 never executed
branch  1 never executed
        -:  767:                    {
    #####:  768:                        drawCard(i, state);
call    0 never executed
        -:  769:                    }
        -:  770:                }
        -:  771:            }
        -:  772:        }
        -:  773:
        -:  774:    }
    #####:  775:    return 0;
        -:  776:
        -:  777:}
        -:  778:
function ce_smithy called 0 returned 0% blocks executed 0%
    #####:  779:int ce_smithy(struct gameState *state, int currentPlayer, int handPos){
        -:  780:    int i;
        -:  781:    //+3 Cards
    #####:  782:    for (i = 0; i < 3; i++)
branch  0 never executed
branch  1 never executed
        -:  783:    {
    #####:  784:        drawCard(currentPlayer, state);
call    0 never executed
        -:  785:    }
        -:  786:
        -:  787:    //discard card from hand
    #####:  788:    discardCard(handPos, currentPlayer, state, 0);
call    0 never executed
    #####:  789:    return 0;
        -:  790:}
        -:  791:
function cardEffect called 100000 returned 100% blocks executed 3%
   100000:  792:int cardEffect(int card, int choice1, int choice2, int choice3, struct gameState *state, int handPos, int *bonus)
        -:  793:{
        -:  794:    int i;
        -:  795:    int j;
        -:  796:    int k;
        -:  797:    int x;
        -:  798:    int index;
   100000:  799:    int currentPlayer = whoseTurn(state);
call    0 returned 100%
   100000:  800:    int nextPlayer = currentPlayer + 1;
        -:  801:
   100000:  802:    int tributeRevealedCards[2] = {-1, -1};
        -:  803:    int temphand[MAX_HAND];// moved above the if statement
   100000:  804:    int drawntreasure=0;
        -:  805:
   100000:  806:    int z = 0;// this is the counter for the temp hand
   100000:  807:    if (nextPlayer > (state->numPlayers - 1)){
branch  0 taken 58% (fallthrough)
branch  1 taken 42%
    58273:  808:        nextPlayer = 0;
        -:  809:    }
        -:  810:
        -:  811:    //uses switch to select card and perform actions
   100000:  812:    switch( card ) 
branch  0 taken 100%
branch  1 taken 0%
branch  2 taken 0%
branch  3 taken 0%
branch  4 taken 0%
branch  5 taken 0%
branch  6 taken 0%
branch  7 taken 0%
branch  8 taken 0%
branch  9 taken 0%
branch 10 taken 0%
branch 11 taken 0%
branch 12 taken 0%
branch 13 taken 0%
branch 14 taken 0%
branch 15 taken 0%
branch 16 taken 0%
branch 17 taken 0%
branch 18 taken 0%
branch 19 taken 0%
branch 20 taken 0%
        -:  813:    {
        -:  814:        case adventurer:
   100000:  815:            return ce_adventurer(state, &drawntreasure, currentPlayer, &z, temphand, handPos);
call    0 returned 100%
        -:  816:
        -:  817:        case council_room:
    #####:  818:            return ce_council_room(state, currentPlayer, handPos);
call    0 never executed
        -:  819:
        -:  820:        case feast:
        -:  821:            //gain card with cost up to 5
        -:  822:            //Backup hand
    #####:  823:            for (i = 0; i <= state->handCount[currentPlayer]; i++){
branch  0 never executed
branch  1 never executed
    #####:  824:                temphand[i] = state->hand[currentPlayer][i];//Backup card
    #####:  825:                state->hand[currentPlayer][i] = -1;//Set to nothing
        -:  826:            }
        -:  827:            //Backup hand
        -:  828:
        -:  829:            //Update Coins for Buy
    #####:  830:            updateCoins(currentPlayer, state, 5);
call    0 never executed
    #####:  831:            x = 1;//Condition to loop on
    #####:  832:            while( x == 1) {//Buy one card
branch  0 never executed
branch  1 never executed
    #####:  833:                if (supplyCount(choice1, state) <= 0){
call    0 never executed
branch  1 never executed
branch  2 never executed
        -:  834:                    if (DEBUG)
        -:  835:                        printf("None of that card left, sorry!\n");
        -:  836:
        -:  837:                    if (DEBUG){
        -:  838:                        printf("Cards Left: %d\n", supplyCount(choice1, state));
        -:  839:                    }
        -:  840:                }
    #####:  841:                else if (state->coins < getCost(choice1)){
call    0 never executed
branch  1 never executed
branch  2 never executed
    #####:  842:                    printf("That card is too expensive!\n");
call    0 never executed
        -:  843:
        -:  844:                    if (DEBUG){
        -:  845:                        printf("Coins: %d < %d\n", state->coins, getCost(choice1));
        -:  846:                    }
        -:  847:                }
        -:  848:                else{
        -:  849:
        -:  850:                    if (DEBUG){
        -:  851:                        printf("Deck Count: %d\n", state->handCount[currentPlayer] + state->deckCount[currentPlayer] + state->discardCount[currentPlayer]);
        -:  852:                    }
        -:  853:
    #####:  854:                    gainCard(choice1, state, 0, currentPlayer);//Gain the card
call    0 never executed
    #####:  855:                    x = 0;//No more buying cards
        -:  856:
        -:  857:                    if (DEBUG){
        -:  858:                        printf("Deck Count: %d\n", state->handCount[currentPlayer] + state->deckCount[currentPlayer] + state->discardCount[currentPlayer]);
        -:  859:                    }
        -:  860:
        -:  861:                }
        -:  862:            }     
        -:  863:
        -:  864:            //Reset Hand
    #####:  865:            for (i = 0; i <= state->handCount[currentPlayer]; i++){
branch  0 never executed
branch  1 never executed
    #####:  866:                state->hand[currentPlayer][i] = temphand[i];
    #####:  867:                temphand[i] = -1;
        -:  868:            }
        -:  869:            //Reset Hand
        -:  870:
    #####:  871:            return 0;
        -:  872:
        -:  873:        case gardens:
    #####:  874:            return -1;
        -:  875:
        -:  876:        case mine:
    #####:  877:            j = state->hand[currentPlayer][choice1];  //store card we will trash
        -:  878:
    #####:  879:            if (state->hand[currentPlayer][choice1] < copper || state->hand[currentPlayer][choice1] > gold)
branch  0 never executed
branch  1 never executed
branch  2 never executed
branch  3 never executed
        -:  880:            {
    #####:  881:                return -1;
        -:  882:            }
        -:  883:
    #####:  884:            if (choice2 > treasure_map || choice2 < curse)
branch  0 never executed
branch  1 never executed
branch  2 never executed
branch  3 never executed
        -:  885:            {
    #####:  886:                return -1;
        -:  887:            }
        -:  888:
    #####:  889:            if ( (getCost(state->hand[currentPlayer][choice1]) + 3) > getCost(choice2) )
call    0 never executed
call    1 never executed
branch  2 never executed
branch  3 never executed
        -:  890:            {
    #####:  891:                return -1;
        -:  892:            }
        -:  893:
    #####:  894:            gainCard(choice2, state, 2, currentPlayer);
call    0 never executed
        -:  895:
        -:  896:            //discard card from hand
    #####:  897:            discardCard(handPos, currentPlayer, state, 0);
call    0 never executed
        -:  898:
        -:  899:            //discard trashed card
    #####:  900:            for (i = 0; i < state->handCount[currentPlayer]; i++)
branch  0 never executed
branch  1 never executed
        -:  901:            {
    #####:  902:                if (state->hand[currentPlayer][i] == j)
branch  0 never executed
branch  1 never executed
        -:  903:                {
    #####:  904:                    discardCard(i, currentPlayer, state, 0);			
call    0 never executed
    #####:  905:                    break;
        -:  906:                }
        -:  907:            }
        -:  908:
    #####:  909:            return 0;
        -:  910:
        -:  911:        case remodel:
    #####:  912:            j = state->hand[currentPlayer][choice1];  //store card we will trash
        -:  913:
    #####:  914:            if ( (getCost(state->hand[currentPlayer][choice1]) + 2) > getCost(choice2) )
call    0 never executed
call    1 never executed
branch  2 never executed
branch  3 never executed
        -:  915:            {
    #####:  916:                return -1;
        -:  917:            }
        -:  918:
    #####:  919:            gainCard(choice2, state, 0, currentPlayer);
call    0 never executed
        -:  920:
        -:  921:            //discard card from hand
    #####:  922:            discardCard(handPos, currentPlayer, state, 0);
call    0 never executed
        -:  923:
        -:  924:            //discard trashed card
    #####:  925:            for (i = 0; i < state->handCount[currentPlayer]; i++)
branch  0 never executed
branch  1 never executed
        -:  926:            {
    #####:  927:                if (state->hand[currentPlayer][i] == j)
branch  0 never executed
branch  1 never executed
        -:  928:                {
    #####:  929:                    discardCard(i, currentPlayer, state, 0);			
call    0 never executed
    #####:  930:                    break;
        -:  931:                }
        -:  932:            }
        -:  933:
        -:  934:
    #####:  935:            return 0;
        -:  936:
        -:  937:        case smithy:
    #####:  938:            return ce_smithy(state, currentPlayer, handPos);
call    0 never executed
        -:  939:
        -:  940:        case village:
        -:  941:            //+1 Card
    #####:  942:            drawCard(currentPlayer, state);
call    0 never executed
        -:  943:
        -:  944:            //+2 Actions
    #####:  945:            state->numActions = state->numActions + 2;
        -:  946:
        -:  947:            //discard played card from hand
    #####:  948:            discardCard(handPos, currentPlayer, state, 0);
call    0 never executed
    #####:  949:            return 0;
        -:  950:
        -:  951:        case baron:
    #####:  952:            state->numBuys++;//Increase buys by 1!
    #####:  953:            if (choice1 > 0){//Boolean true or going to discard an estate
branch  0 never executed
branch  1 never executed
    #####:  954:                int p = 0;//Iterator for hand!
    #####:  955:                int card_not_discarded = 1;//Flag for discard set!
    #####:  956:                while(card_not_discarded){
branch  0 never executed
branch  1 never executed
    #####:  957:                    if (state->hand[currentPlayer][p] == estate){//Found an estate card!
branch  0 never executed
branch  1 never executed
    #####:  958:                        state->coins += 4;//Add 4 coins to the amount of coins
    #####:  959:                        state->discard[currentPlayer][state->discardCount[currentPlayer]] = state->hand[currentPlayer][p];
    #####:  960:                        state->discardCount[currentPlayer]++;
    #####:  961:                        for (;p < state->handCount[currentPlayer]; p++){
branch  0 never executed
branch  1 never executed
    #####:  962:                            state->hand[currentPlayer][p] = state->hand[currentPlayer][p+1];
        -:  963:                        }
    #####:  964:                        state->hand[currentPlayer][state->handCount[currentPlayer]] = -1;
    #####:  965:                        state->handCount[currentPlayer]--;
    #####:  966:                        card_not_discarded = 0;//Exit the loop
        -:  967:                    }
    #####:  968:                    else if (p > state->handCount[currentPlayer]){
branch  0 never executed
branch  1 never executed
        -:  969:                        if(DEBUG) {
        -:  970:                            printf("No estate cards in your hand, invalid choice\n");
        -:  971:                            printf("Must gain an estate if there are any\n");
        -:  972:                        }
    #####:  973:                        if (supplyCount(estate, state) > 0){
call    0 never executed
branch  1 never executed
branch  2 never executed
    #####:  974:                            gainCard(estate, state, 0, currentPlayer);
call    0 never executed
    #####:  975:                            state->supplyCount[estate]--;//Decrement estates
    #####:  976:                            if (supplyCount(estate, state) == 0){
call    0 never executed
branch  1 never executed
branch  2 never executed
    #####:  977:                                isGameOver(state);
call    0 never executed
        -:  978:                            }
        -:  979:                        }
    #####:  980:                        card_not_discarded = 0;//Exit the loop
        -:  981:                    }
        -:  982:
        -:  983:                    else{
    #####:  984:                        p++;//Next card
        -:  985:                    }
        -:  986:                }
        -:  987:            }
        -:  988:
        -:  989:            else{
    #####:  990:                if (supplyCount(estate, state) > 0){
call    0 never executed
branch  1 never executed
branch  2 never executed
    #####:  991:                    gainCard(estate, state, 0, currentPlayer);//Gain an estate
call    0 never executed
    #####:  992:                    state->supplyCount[estate]--;//Decrement Estates
    #####:  993:                    if (supplyCount(estate, state) == 0){
call    0 never executed
branch  1 never executed
branch  2 never executed
    #####:  994:                        isGameOver(state);
call    0 never executed
        -:  995:                    }
        -:  996:                }
        -:  997:            }
        -:  998:
        -:  999:
    #####: 1000:            return 0;
        -: 1001:
        -: 1002:        case great_hall:
        -: 1003:            //+1 Card
    #####: 1004:            drawCard(currentPlayer, state);
call    0 never executed
        -: 1005:
        -: 1006:            //+1 Actions
    #####: 1007:            state->numActions++;
        -: 1008:
        -: 1009:            //discard card from hand
    #####: 1010:            discardCard(handPos, currentPlayer, state, 0);
call    0 never executed
    #####: 1011:            return 0;
        -: 1012:
        -: 1013:        case minion:
    #####: 1014:            return ce_minion(state, currentPlayer, choice1, choice2, handPos);
call    0 never executed
        -: 1015:
        -: 1016:        case steward:
    #####: 1017:            return ce_steward(state, currentPlayer, choice1, choice2, choice3, handPos);
call    0 never executed
        -: 1018:
        -: 1019:        case tribute:
    #####: 1020:                if ((state->discardCount[nextPlayer] + state->deckCount[nextPlayer]) <= 1){
branch  0 never executed
branch  1 never executed
    #####: 1021:                    if (state->deckCount[nextPlayer] > 0){
branch  0 never executed
branch  1 never executed
    #####: 1022:                        tributeRevealedCards[0] = state->deck[nextPlayer][state->deckCount[nextPlayer]-1];
    #####: 1023:                        state->deckCount[nextPlayer]--;
        -: 1024:                    }
    #####: 1025:                    else if (state->discardCount[nextPlayer] > 0){
branch  0 never executed
branch  1 never executed
    #####: 1026:                        tributeRevealedCards[0] = state->discard[nextPlayer][state->discardCount[nextPlayer]-1];
    #####: 1027:                        state->discardCount[nextPlayer]--;
        -: 1028:                    }
        -: 1029:                    else{
        -: 1030:                        //No Card to Reveal
        -: 1031:                        if (DEBUG){
        -: 1032:                            printf("No cards to reveal\n");
        -: 1033:                        }
        -: 1034:                    }
        -: 1035:                }
        -: 1036:
        -: 1037:                else{
    #####: 1038:                    if (state->deckCount[nextPlayer] == 0){
branch  0 never executed
branch  1 never executed
    #####: 1039:                        for (i = 0; i < state->discardCount[nextPlayer]; i++){
branch  0 never executed
branch  1 never executed
    #####: 1040:                            state->deck[nextPlayer][i] = state->discard[nextPlayer][i];//Move to deck
    #####: 1041:                            state->deckCount[nextPlayer]++;
    #####: 1042:                            state->discard[nextPlayer][i] = -1;
    #####: 1043:                            state->discardCount[nextPlayer]--;
        -: 1044:                        }
        -: 1045:
    #####: 1046:                        shuffle(nextPlayer,state);//Shuffle the deck
call    0 never executed
        -: 1047:                    } 
    #####: 1048:                    tributeRevealedCards[0] = state->deck[nextPlayer][state->deckCount[nextPlayer]-1];
    #####: 1049:                    state->deck[nextPlayer][state->deckCount[nextPlayer]--] = -1;
    #####: 1050:                    state->deckCount[nextPlayer]--;
    #####: 1051:                    tributeRevealedCards[1] = state->deck[nextPlayer][state->deckCount[nextPlayer]-1];
    #####: 1052:                    state->deck[nextPlayer][state->deckCount[nextPlayer]--] = -1;
    #####: 1053:                    state->deckCount[nextPlayer]--;
        -: 1054:                }    
        -: 1055:
    #####: 1056:                if (tributeRevealedCards[0] == tributeRevealedCards[1]){//If we have a duplicate card, just drop one 
branch  0 never executed
branch  1 never executed
    #####: 1057:                    state->playedCards[state->playedCardCount] = tributeRevealedCards[1];
    #####: 1058:                    state->playedCardCount++;
    #####: 1059:                    tributeRevealedCards[1] = -1;
        -: 1060:                }
        -: 1061:
    #####: 1062:                for (i = 0; i <= 2; i ++){
branch  0 never executed
branch  1 never executed
    #####: 1063:                    if (tributeRevealedCards[i] == copper || tributeRevealedCards[i] == silver || tributeRevealedCards[i] == gold){//Treasure cards
branch  0 never executed
branch  1 never executed
branch  2 never executed
branch  3 never executed
branch  4 never executed
branch  5 never executed
    #####: 1064:                        state->coins += 2;
        -: 1065:                    }
        -: 1066:
    #####: 1067:                    else if (tributeRevealedCards[i] == estate || tributeRevealedCards[i] == duchy || tributeRevealedCards[i] == province || tributeRevealedCards[i] == gardens || tributeRevealedCards[i] == great_hall){//Victory Card Found
branch  0 never executed
branch  1 never executed
branch  2 never executed
branch  3 never executed
branch  4 never executed
branch  5 never executed
branch  6 never executed
branch  7 never executed
branch  8 never executed
branch  9 never executed
    #####: 1068:                        drawCard(currentPlayer, state);
call    0 never executed
    #####: 1069:                        drawCard(currentPlayer, state);
call    0 never executed
        -: 1070:                    }
        -: 1071:                    else{//Action Card
    #####: 1072:                        state->numActions = state->numActions + 2;
        -: 1073:                    }
        -: 1074:                }
        -: 1075:
    #####: 1076:                return 0;
        -: 1077:
        -: 1078:        case ambassador:
    #####: 1079:                j = 0;		//used to check if player has enough cards to discard
        -: 1080:
    #####: 1081:                if (choice2 > 2 || choice2 < 0)
branch  0 never executed
branch  1 never executed
branch  2 never executed
branch  3 never executed
        -: 1082:                {
    #####: 1083:                    return -1;				
        -: 1084:                }
        -: 1085:
    #####: 1086:                if (choice1 == handPos)
branch  0 never executed
branch  1 never executed
        -: 1087:                {
    #####: 1088:                    return -1;
        -: 1089:                }
        -: 1090:
    #####: 1091:                for (i = 0; i < state->handCount[currentPlayer]; i++)
branch  0 never executed
branch  1 never executed
        -: 1092:                {
    #####: 1093:                    if (i != handPos && i == state->hand[currentPlayer][choice1] && i != choice1)
branch  0 never executed
branch  1 never executed
branch  2 never executed
branch  3 never executed
branch  4 never executed
branch  5 never executed
        -: 1094:                    {
    #####: 1095:                        j++;
        -: 1096:                    }
        -: 1097:                }
    #####: 1098:                if (j < choice2)
branch  0 never executed
branch  1 never executed
        -: 1099:                {
    #####: 1100:                    return -1;				
        -: 1101:                }
        -: 1102:
        -: 1103:                if (DEBUG) 
        -: 1104:                    printf("Player %d reveals card number: %d\n", currentPlayer, state->hand[currentPlayer][choice1]);
        -: 1105:
        -: 1106:                //increase supply count for choosen card by amount being discarded
    #####: 1107:                state->supplyCount[state->hand[currentPlayer][choice1]] += choice2;
        -: 1108:
        -: 1109:                //each other player gains a copy of revealed card
    #####: 1110:                for (i = 0; i < state->numPlayers; i++)
branch  0 never executed
branch  1 never executed
        -: 1111:                {
    #####: 1112:                    if (i != currentPlayer)
branch  0 never executed
branch  1 never executed
        -: 1113:                    {
    #####: 1114:                        gainCard(state->hand[currentPlayer][choice1], state, 0, i);
call    0 never executed
        -: 1115:                    }
        -: 1116:                }
        -: 1117:
        -: 1118:                //discard played card from hand
    #####: 1119:                discardCard(handPos, currentPlayer, state, 0);			
call    0 never executed
        -: 1120:
        -: 1121:                //trash copies of cards returned to supply
    #####: 1122:                for (j = 0; j < choice2; j++)
branch  0 never executed
branch  1 never executed
        -: 1123:                {
    #####: 1124:                    for (i = 0; i < state->handCount[currentPlayer]; i++)
branch  0 never executed
branch  1 never executed
        -: 1125:                    {
    #####: 1126:                        if (state->hand[currentPlayer][i] == state->hand[currentPlayer][choice1])
branch  0 never executed
branch  1 never executed
        -: 1127:                        {
    #####: 1128:                            discardCard(i, currentPlayer, state, 1);
call    0 never executed
    #####: 1129:                            break;
        -: 1130:                        }
        -: 1131:                    }
        -: 1132:                }			
        -: 1133:
    #####: 1134:                return 0;
        -: 1135:
        -: 1136:        case cutpurse:
        -: 1137:
    #####: 1138:                updateCoins(currentPlayer, state, 2);
call    0 never executed
    #####: 1139:                for (i = 0; i < state->numPlayers; i++)
branch  0 never executed
branch  1 never executed
        -: 1140:                {
    #####: 1141:                    if (i != currentPlayer)
branch  0 never executed
branch  1 never executed
        -: 1142:                    {
    #####: 1143:                        for (j = 0; j < state->handCount[i]; j++)
branch  0 never executed
branch  1 never executed
        -: 1144:                        {
    #####: 1145:                            if (state->hand[i][j] == copper)
branch  0 never executed
branch  1 never executed
        -: 1146:                            {
    #####: 1147:                                discardCard(j, i, state, 0);
call    0 never executed
    #####: 1148:                                break;
        -: 1149:                            }
    #####: 1150:                            if (j == state->handCount[i])
branch  0 never executed
branch  1 never executed
        -: 1151:                            {
    #####: 1152:                                for (k = 0; k < state->handCount[i]; k++)
branch  0 never executed
branch  1 never executed
        -: 1153:                                {
        -: 1154:                                    if (DEBUG)
        -: 1155:                                        printf("Player %d reveals card number %d\n", i, state->hand[i][k]);
        -: 1156:                                }	
    #####: 1157:                                break;
        -: 1158:                            }		
        -: 1159:                        }
        -: 1160:
        -: 1161:                    }
        -: 1162:
        -: 1163:                }				
        -: 1164:
        -: 1165:                //discard played card from hand
    #####: 1166:                discardCard(handPos, currentPlayer, state, 0);			
call    0 never executed
        -: 1167:
    #####: 1168:                return 0;
        -: 1169:
        -: 1170:
        -: 1171:        case embargo: 
        -: 1172:                //+2 Coins
    #####: 1173:                state->coins = state->coins + 2;
        -: 1174:
        -: 1175:                //see if selected pile is in play
    #####: 1176:                if ( state->supplyCount[choice1] == -1 )
branch  0 never executed
branch  1 never executed
        -: 1177:                {
    #####: 1178:                    return -1;
        -: 1179:                }
        -: 1180:
        -: 1181:                //add embargo token to selected supply pile
    #####: 1182:                state->embargoTokens[choice1]++;
        -: 1183:
        -: 1184:                //trash card
    #####: 1185:                discardCard(handPos, currentPlayer, state, 1);		
call    0 never executed
    #####: 1186:                return 0;
        -: 1187:
        -: 1188:        case outpost:
        -: 1189:                //set outpost flag
    #####: 1190:                state->outpostPlayed++;
        -: 1191:
        -: 1192:                //discard card
    #####: 1193:                discardCard(handPos, currentPlayer, state, 0);
call    0 never executed
    #####: 1194:                return 0;
        -: 1195:
        -: 1196:        case salvager:
        -: 1197:                //+1 buy
    #####: 1198:                state->numBuys++;
        -: 1199:
    #####: 1200:                if (choice1)
branch  0 never executed
branch  1 never executed
        -: 1201:                {
        -: 1202:                    //gain coins equal to trashed card
    #####: 1203:                    state->coins = state->coins + getCost( handCard(choice1, state) );
call    0 never executed
call    1 never executed
        -: 1204:                    //trash card
    #####: 1205:                    discardCard(choice1, currentPlayer, state, 1);	
call    0 never executed
        -: 1206:                }
        -: 1207:
        -: 1208:                //discard card
    #####: 1209:                discardCard(handPos, currentPlayer, state, 0);
call    0 never executed
    #####: 1210:                return 0;
        -: 1211:
        -: 1212:        case sea_hag:
    #####: 1213:                for (i = 0; i < state->numPlayers; i++){
branch  0 never executed
branch  1 never executed
    #####: 1214:                    if (i != currentPlayer){
branch  0 never executed
branch  1 never executed
    #####: 1215:                        state->discard[i][state->discardCount[i]] = state->deck[i][state->deckCount[i]--];			    state->deckCount[i]--;
    #####: 1216:                        state->discardCount[i]++;
    #####: 1217:                        state->deck[i][state->deckCount[i]--] = curse;//Top card now a curse
        -: 1218:                    }
        -: 1219:                }
    #####: 1220:                return 0;
        -: 1221:
        -: 1222:        case treasure_map:
        -: 1223:                //search hand for another treasure_map
    #####: 1224:                index = -1;
    #####: 1225:                for (i = 0; i < state->handCount[currentPlayer]; i++)
branch  0 never executed
branch  1 never executed
        -: 1226:                {
    #####: 1227:                    if (state->hand[currentPlayer][i] == treasure_map && i != handPos)
branch  0 never executed
branch  1 never executed
branch  2 never executed
branch  3 never executed
        -: 1228:                    {
    #####: 1229:                        index = i;
    #####: 1230:                        break;
        -: 1231:                    }
        -: 1232:                }
    #####: 1233:                if (index > -1)
branch  0 never executed
branch  1 never executed
        -: 1234:                {
        -: 1235:                    //trash both treasure cards
    #####: 1236:                    discardCard(handPos, currentPlayer, state, 1);
call    0 never executed
    #####: 1237:                    discardCard(index, currentPlayer, state, 1);
call    0 never executed
        -: 1238:
        -: 1239:                    //gain 4 Gold cards
    #####: 1240:                    for (i = 0; i < 4; i++)
branch  0 never executed
branch  1 never executed
        -: 1241:                    {
    #####: 1242:                        gainCard(gold, state, 1, currentPlayer);
call    0 never executed
        -: 1243:                    }
        -: 1244:
        -: 1245:                    //return success
    #####: 1246:                    return 1;
        -: 1247:                }
        -: 1248:
        -: 1249:                //no second treasure_map found in hand
    #####: 1250:                return -1;
        -: 1251:    }
        -: 1252:
    #####: 1253:    return -1;
        -: 1254:}
        -: 1255:
function discardCard called 100000 returned 100% blocks executed 78%
   100000: 1256:int discardCard(int handPos, int currentPlayer, struct gameState *state, int trashFlag)
        -: 1257:{
        -: 1258:
        -: 1259:    //if card is not trashed, added to Played pile 
   100000: 1260:    if (trashFlag < 1)
branch  0 taken 100% (fallthrough)
branch  1 taken 0%
        -: 1261:    {
        -: 1262:        //add card to played pile
   100000: 1263:        state->playedCards[state->playedCardCount] = state->hand[currentPlayer][handPos]; 
   100000: 1264:        state->playedCardCount++;
        -: 1265:    }
        -: 1266:
        -: 1267:    //set played card to -1
   100000: 1268:    state->hand[currentPlayer][handPos] = -1;
        -: 1269:
        -: 1270:    //remove card from player's hand
   100000: 1271:    if ( handPos == (state->handCount[currentPlayer] - 1) ) 	//last card in hand array is played
branch  0 taken 0% (fallthrough)
branch  1 taken 100%
        -: 1272:    {
        -: 1273:        //reduce number of cards in hand
    #####: 1274:        state->handCount[currentPlayer]--;
        -: 1275:    }
   100000: 1276:    else if ( state->handCount[currentPlayer] == 1 ) //only one card in hand
branch  0 taken 0% (fallthrough)
branch  1 taken 100%
        -: 1277:    {
        -: 1278:        //reduce number of cards in hand
    #####: 1279:        state->handCount[currentPlayer]--;
        -: 1280:    }
        -: 1281:    else 	
        -: 1282:    {
        -: 1283:        //replace discarded card with last card in hand
   100000: 1284:        state->hand[currentPlayer][handPos] = state->hand[currentPlayer][ (state->handCount[currentPlayer] - 1)];
        -: 1285:        //set last card to -1
   100000: 1286:        state->hand[currentPlayer][state->handCount[currentPlayer] - 1] = -1;
        -: 1287:        //reduce number of cards in hand
   100000: 1288:        state->handCount[currentPlayer]--;
        -: 1289:    }
        -: 1290:
   100000: 1291:    return 0;
        -: 1292:}
        -: 1293:
function gainCard called 0 returned 0% blocks executed 0%
    #####: 1294:int gainCard(int supplyPos, struct gameState *state, int toFlag, int player)
        -: 1295:{
        -: 1296:    //Note: supplyPos is enum of choosen card
        -: 1297:
        -: 1298:    //check if supply pile is empty (0) or card is not used in game (-1)
    #####: 1299:    if ( supplyCount(supplyPos, state) < 1 )
call    0 never executed
branch  1 never executed
branch  2 never executed
        -: 1300:    {
    #####: 1301:        return -1;
        -: 1302:    }
        -: 1303:
        -: 1304:    //added card for [whoseTurn] current player:
        -: 1305:    // toFlag = 0 : add to discard
        -: 1306:    // toFlag = 1 : add to deck
        -: 1307:    // toFlag = 2 : add to hand
        -: 1308:
    #####: 1309:    if (toFlag == 1)
branch  0 never executed
branch  1 never executed
        -: 1310:    {
    #####: 1311:        state->deck[ player ][ state->deckCount[player] ] = supplyPos;
    #####: 1312:        state->deckCount[player]++;
        -: 1313:    }
    #####: 1314:    else if (toFlag == 2)
branch  0 never executed
branch  1 never executed
        -: 1315:    {
    #####: 1316:        state->hand[ player ][ state->handCount[player] ] = supplyPos;
    #####: 1317:        state->handCount[player]++;
        -: 1318:    }
        -: 1319:    else
        -: 1320:    {
    #####: 1321:        state->discard[player][ state->discardCount[player] ] = supplyPos;
    #####: 1322:        state->discardCount[player]++;
        -: 1323:    }
        -: 1324:
        -: 1325:    //decrease number in supply pile
    #####: 1326:    state->supplyCount[supplyPos]--;
        -: 1327:
    #####: 1328:    return 0;
        -: 1329:}
        -: 1330:
function updateCoins called 300000 returned 100% blocks executed 100%
   300000: 1331:int updateCoins(int player, struct gameState *state, int bonus)
        -: 1332:{
        -: 1333:    int i;
        -: 1334:
        -: 1335:    //reset coin count
   300000: 1336:    state->coins = 0;
        -: 1337:
        -: 1338:    //add coins for each Treasure card in player's hand
 39386220: 1339:    for (i = 0; i < state->handCount[player]; i++)
branch  0 taken 99%
branch  1 taken 1% (fallthrough)
        -: 1340:    {
 39086220: 1341:        if (state->hand[player][i] == copper)
branch  0 taken 10% (fallthrough)
branch  1 taken 90%
        -: 1342:        {
  3768014: 1343:            state->coins += 1;
        -: 1344:        }
 35318206: 1345:        else if (state->hand[player][i] == silver)
branch  0 taken 8% (fallthrough)
branch  1 taken 92%
        -: 1346:        {
  2996141: 1347:            state->coins += 2;
        -: 1348:        }
 32322065: 1349:        else if (state->hand[player][i] == gold)
branch  0 taken 8% (fallthrough)
branch  1 taken 92%
        -: 1350:        {
  2733302: 1351:            state->coins += 3;
        -: 1352:        }	
        -: 1353:    }	
        -: 1354:
        -: 1355:    //add bonus
   300000: 1356:    state->coins += bonus;
        -: 1357:
   300000: 1358:    return 0;
        -: 1359:}
        -: 1360:
        -: 1361:
        -: 1362://end of dominion.c
        -: 1363:
